[FACTORY] >>> SCHEDULER: Started background dataset scheduler.
[MEV] >>> INITIALIZING TITAN ORIN SYSTEMS...
[MEV] [CONFIG] Updated: {'autopilot': True, 'manual_target': '', 'max_impact': 5, 'min_liquidity': 20000, 'autosell_enabled': True, 'take_profit_pct': 50, 'stop_loss_pct': 15}
[MEV] [MASTER CONTROL] CRITICAL FAILURE: name 'Keypair' is not defined
[MEV] [SYSTEM] Launching Neural Module (predictor.py)...
[MEV] [BRAIN] 22:52:08 | [BRAIN] 🧠 ONLINE. FILTERS: Age 0-168h | Trend +-100.0-100.0% | Liq >$0
[MEV] [BRAIN] 22:52:08 | [SCOUT] Seeding initial capture for top 20 pairs (per_pool=50)
[MEV] [BRAIN] 22:52:09 | [SCOUT] Using RPC: https://api.mainnet-beta.solana.com (token=no)
[MEV] [SYSTEM] Launching Rust Sniper (cargo run)...
[MEV] >>> ALL SYSTEMS ONLINE. WAITING FOR SIGNALS.
[MEV] [SNIPER] warning: unused config key `source.crates-io.protocol` in `/home/titan/.cargo/config.toml`
[MEV] [BRAIN] 22:52:10 | [SCOUT] RPC status 429 (attempt 1) body= {"jsonrpc":"2.0","error":{"code": 429,"message":"Too many requests for a specific RPC call"}, "id": 1 }
[MEV] [BRAIN] 
[MEV] [SNIPER] warning: unused imports: `Keypair`, `Signer`, `pubkey::Pubkey`, `read_keypair_file`, and `transaction::VersionedTransaction`
[MEV] [SNIPER] --> src/main.rs:5:5
[MEV] [SNIPER] |
[MEV] [SNIPER] 5 |     pubkey::Pubkey,
[MEV] [SNIPER] |     ^^^^^^^^^^^^^^
[MEV] [SNIPER] 6 |     signature::{read_keypair_file, Keypair, Signer},
[MEV] [SNIPER] |                 ^^^^^^^^^^^^^^^^^  ^^^^^^^  ^^^^^^
[MEV] [SNIPER] 7 |     transaction::VersionedTransaction,
[MEV] [SNIPER] |     ^^^^^^^^^^^^^^^^^^^^^^^^^^^^^^^^^
[MEV] [SNIPER] |
[MEV] [SNIPER] = note: `#[warn(unused_imports)]` (part of `#[warn(unused)]`) on by default
[MEV] [SNIPER] 
[MEV] [SNIPER] warning: unused import: `str::FromStr`
[MEV] [SNIPER] --> src/main.rs:9:11
[MEV] [SNIPER] |
[MEV] [SNIPER] 9 | use std::{str::FromStr, time::Duration};
[MEV] [SNIPER] |           ^^^^^^^^^^^^
[MEV] [SNIPER] 
[MEV] [SNIPER] warning: unused import: `reqwest::Client`
[MEV] [SNIPER] --> src/main.rs:12:5
[MEV] [SNIPER] |
[MEV] [SNIPER] 12 | use reqwest::Client;
[MEV] [SNIPER] |     ^^^^^^^^^^^^^^^
[MEV] [SNIPER] 
[MEV] [SNIPER] warning: unused variable: `rpc`
[MEV] [SNIPER] --> src/main.rs:25:9
[MEV] [SNIPER] |
[MEV] [SNIPER] 25 | ...et rpc = RpcClient::new_with_commitment(RPC_URL.to_string(), CommitmentConfig...
[MEV] [SNIPER] |       ^^^ help: if this is intentional, prefix it with an underscore: `_rpc`
[MEV] [SNIPER] |
[MEV] [SNIPER] = note: `#[warn(unused_variables)]` (part of `#[warn(unused)]`) on by default
[MEV] [SNIPER] 
[MEV] [SNIPER] warning: constant `KEYPAIR_PATH` is never used
[MEV] [SNIPER] --> src/main.rs:18:7
[MEV] [SNIPER] |
[MEV] [SNIPER] 18 | const KEYPAIR_PATH: &str = "bot_keypair.json";
[MEV] [SNIPER] |       ^^^^^^^^^^^^
[MEV] [SNIPER] |
[MEV] [SNIPER] = note: `#[warn(dead_code)]` (part of `#[warn(unused)]`) on by default
[MEV] [SNIPER] 
[MEV] [SNIPER] warning: `orin_mev_bot` (bin "orin_mev_bot") generated 5 warnings (run `cargo fix --bin "orin_mev_bot" -p orin_mev_bot` to apply 4 suggestions)
[MEV] [SNIPER] Finished `dev` profile [unoptimized + debuginfo] target(s) in 0.48s
[MEV] [SNIPER] warning: unused config key `source.crates-io.protocol` in `/home/titan/.cargo/config.toml`
[MEV] [SNIPER] warning: the following packages contain code that will be rejected by a future version of Rust: solana-client v1.18.26
[MEV] [SNIPER] note: to see what the problems were, use the option `--future-incompat-report`, or run `cargo report future-incompatibilities --id 1`
[MEV] [SNIPER] Running `target/debug/orin_mev_bot`
[MEV] [SNIPER] [2026-01-14T03:52:10Z INFO  orin_mev_bot] 🚀 SNIPER ONLINE. WAITING FOR BRAIN...
[MEV] [BRAIN] 22:52:21 | [SCOUT] RPC status 429 (attempt 1) body= {"jsonrpc":"2.0","error":{"code": 429,"message":"Too many requests for a specific RPC call"}, "id": 1 }
[MEV] [BRAIN] 
[MEV] [BRAIN] 22:52:33 | [SCOUT] RPC status 429 (attempt 1) body= {"jsonrpc":"2.0","error":{"code": 429,"message":"Too many requests for a specific RPC call"}, "id": 1 }
[MEV] [BRAIN] 
[MEV] [BRAIN] 22:52:44 | [SCOUT] RPC status 429 (attempt 2) body= {"jsonrpc":"2.0","error":{"code": 429,"message":"Too many requests for a specific RPC call"}, "id": 1 }
[MEV] [BRAIN] 
[MEV] [BRAIN] 22:52:57 | [SCOUT] RPC status 429 (attempt 1) body= {"jsonrpc":"2.0","error":{"code": 429,"message":"Too many requests for a specific RPC call"}, "id": 1 }
[MEV] [BRAIN] 
[MEV] [BRAIN] 22:53:08 | [SCOUT] RPC status 429 (attempt 1) body= {"jsonrpc":"2.0","error":{"code": 429,"message":"Too many requests for a specific RPC call"}, "id": 1 }
[MEV] [BRAIN] 
[MEV] [BRAIN] 22:53:20 | [SCOUT] RPC status 429 (attempt 1) body= {"jsonrpc":"2.0","error":{"code": 429,"message":"Too many requests for a specific RPC call"}, "id": 1 }
[MEV] [BRAIN] 
[MEV] [BRAIN] 22:53:32 | [SCOUT] RPC status 429 (attempt 1) body= {"jsonrpc":"2.0","error":{"code": 429,"message":"Too many requests for a specific RPC call"}, "id": 1 }
[MEV] [BRAIN] 
[MEV] [BRAIN] 22:53:43 | [SCOUT] RPC status 429 (attempt 1) body= {"jsonrpc":"2.0","error":{"code": 429,"message":"Too many requests for a specific RPC call"}, "id": 1 }
[MEV] [BRAIN] 
[MEV] [BRAIN] 22:53:55 | [SCOUT] RPC status 429 (attempt 2) body= {"jsonrpc":"2.0","error":{"code": 429,"message":"Too many requests for a specific RPC call"}, "id": 1 }
[MEV] [BRAIN] 
[MEV] [BRAIN] 22:54:07 | [SCOUT] RPC status 429 (attempt 1) body= {"jsonrpc":"2.0","error":{"code": 429,"message":"Too many requests for a specific RPC call"}, "id": 1 }
[MEV] [BRAIN] 
[MEV] [BRAIN] 22:54:19 | [SCOUT] RPC status 429 (attempt 1) body= {"jsonrpc":"2.0","error":{"code": 429,"message":"Too many requests for a specific RPC call"}, "id": 1 }
[MEV] [BRAIN] 
[MEV] [BRAIN] 22:54:31 | [SCOUT] RPC status 429 (attempt 1) body= {"jsonrpc":"2.0","error":{"code": 429,"message":"Too many requests for a specific RPC call"}, "id": 1 }
[MEV] [BRAIN] 
[MEV] [BRAIN] 22:54:42 | [SCOUT] RPC status 429 (attempt 1) body= {"jsonrpc":"2.0","error":{"code": 429,"message":"Too many requests for a specific RPC call"}, "id": 1 }
[MEV] [BRAIN] 
[MEV] [BRAIN] 22:54:54 | [SCOUT] RPC status 429 (attempt 1) body= {"jsonrpc":"2.0","error":{"code": 429,"message":"Too many requests for a specific RPC call"}, "id": 1 }
[MEV] [BRAIN] 
[MEV] [BRAIN] 22:55:05 | [SCOUT] RPC status 429 (attempt 2) body= {"jsonrpc":"2.0","error":{"code": 429,"message":"Too many requests for a specific RPC call"}, "id": 1 }
[MEV] [BRAIN] 
[MEV] [BRAIN] 22:55:18 | [SCOUT] RPC status 429 (attempt 1) body= {"jsonrpc":"2.0","error":{"code": 429,"message":"Too many requests for a specific RPC call"}, "id": 1 }
[MEV] [BRAIN] 
[MEV] [SNIPER] Error: No message received
[FACTORY] >>> SCHEDULER: Started background dataset scheduler.
[MEV] >>> INITIALIZING TITAN ORIN SYSTEMS...
[MEV] [CONFIG] Updated: {'autopilot': True, 'manual_target': '', 'max_impact': 5, 'min_liquidity': 20000, 'autosell_enabled': True, 'take_profit_pct': 50, 'stop_loss_pct': 15}
[MEV] [MASTER CONTROL] CRITICAL FAILURE: name 'Keypair' is not defined
[MEV] [SYSTEM] Launching Neural Module (predictor.py)...
[MEV] [BRAIN] 22:56:29 | [BRAIN] 🧠 ONLINE. FILTERS: Age 0-168h | Trend +-100.0-100.0% | Liq >$0
[MEV] [BRAIN] 22:56:29 | [SCOUT] Seeding initial capture for top 20 pairs (per_pool=50)
[MEV] [BRAIN] 22:56:29 | [SCOUT] Using RPC: https://solana-mainnet.core.chainstack.com/b8dc50df2c1abbbae3faab2bcf308faa (token=yes)
[MEV] [BRAIN] 22:56:30 | [SCOUT] Detected auth header: x-token
[MEV] [SYSTEM] Launching Rust Sniper (cargo run)...
[MEV] >>> ALL SYSTEMS ONLINE. WAITING FOR SIGNALS.
[MEV] [SNIPER] warning: unused config key `source.crates-io.protocol` in `/home/titan/.cargo/config.toml`
[MEV] [SNIPER] warning: unused imports: `Keypair`, `Signer`, `pubkey::Pubkey`, `read_keypair_file`, and `transaction::VersionedTransaction`
[MEV] [SNIPER] --> src/main.rs:5:5
[MEV] [SNIPER] |
[MEV] [SNIPER] 5 |     pubkey::Pubkey,
[MEV] [SNIPER] |     ^^^^^^^^^^^^^^
[MEV] [SNIPER] 6 |     signature::{read_keypair_file, Keypair, Signer},
[MEV] [SNIPER] |                 ^^^^^^^^^^^^^^^^^  ^^^^^^^  ^^^^^^
[MEV] [SNIPER] 7 |     transaction::VersionedTransaction,
[MEV] [SNIPER] |     ^^^^^^^^^^^^^^^^^^^^^^^^^^^^^^^^^
[MEV] [SNIPER] |
[MEV] [SNIPER] = note: `#[warn(unused_imports)]` (part of `#[warn(unused)]`) on by default
[MEV] [SNIPER] 
[MEV] [SNIPER] warning: unused import: `str::FromStr`
[MEV] [SNIPER] --> src/main.rs:9:11
[MEV] [SNIPER] |
[MEV] [SNIPER] 9 | use std::{str::FromStr, time::Duration};
[MEV] [SNIPER] |           ^^^^^^^^^^^^
[MEV] [SNIPER] 
[MEV] [SNIPER] warning: unused import: `reqwest::Client`
[MEV] [SNIPER] --> src/main.rs:12:5
[MEV] [SNIPER] |
[MEV] [SNIPER] 12 | use reqwest::Client;
[MEV] [SNIPER] |     ^^^^^^^^^^^^^^^
[MEV] [SNIPER] 
[MEV] [SNIPER] warning: unused variable: `rpc`
[MEV] [SNIPER] --> src/main.rs:25:9
[MEV] [SNIPER] |
[MEV] [SNIPER] 25 | ...et rpc = RpcClient::new_with_commitment(RPC_URL.to_string(), CommitmentConfig...
[MEV] [SNIPER] |       ^^^ help: if this is intentional, prefix it with an underscore: `_rpc`
[MEV] [SNIPER] |
[MEV] [SNIPER] = note: `#[warn(unused_variables)]` (part of `#[warn(unused)]`) on by default
[MEV] [SNIPER] 
[MEV] [SNIPER] warning: constant `KEYPAIR_PATH` is never used
[MEV] [SNIPER] --> src/main.rs:18:7
[MEV] [SNIPER] |
[MEV] [SNIPER] 18 | const KEYPAIR_PATH: &str = "bot_keypair.json";
[MEV] [SNIPER] |       ^^^^^^^^^^^^
[MEV] [SNIPER] |
[MEV] [SNIPER] = note: `#[warn(dead_code)]` (part of `#[warn(unused)]`) on by default
[MEV] [SNIPER] 
[MEV] [SNIPER] warning: `orin_mev_bot` (bin "orin_mev_bot") generated 5 warnings (run `cargo fix --bin "orin_mev_bot" -p orin_mev_bot` to apply 4 suggestions)
[MEV] [SNIPER] Finished `dev` profile [unoptimized + debuginfo] target(s) in 0.45s
[MEV] [SNIPER] warning: unused config key `source.crates-io.protocol` in `/home/titan/.cargo/config.toml`
[MEV] [SNIPER] warning: the following packages contain code that will be rejected by a future version of Rust: solana-client v1.18.26
[MEV] [SNIPER] note: to see what the problems were, use the option `--future-incompat-report`, or run `cargo report future-incompatibilities --id 1`
[MEV] [SNIPER] Running `target/debug/orin_mev_bot`
[FACTORY] >>> SCHEDULER: Started background dataset scheduler.
[MEV] >>> INITIALIZING TITAN ORIN SYSTEMS...
[MEV] [CONFIG] Updated: {'autopilot': True, 'manual_target': '', 'max_impact': 5, 'min_liquidity': 20000, 'autosell_enabled': True, 'take_profit_pct': 50, 'stop_loss_pct': 15}
[MEV] [MASTER CONTROL] Solana libs unavailable; skipping profit sweeper.
[MEV] [SYSTEM] Launching Neural Module (predictor.py)...
[MEV] [BRAIN] 23:01:34 | [BRAIN] 🧠 ONLINE. FILTERS: Age 0-168h | Trend +-100.0-100.0% | Liq >$0
[MEV] [BRAIN] 23:01:34 | [SCOUT] Seeding initial capture for top 20 pairs (per_pool=50)
[MEV] [BRAIN] 23:01:34 | [SCOUT] Using RPC: https://solana-mainnet.core.chainstack.com/b8dc50df2c1abbbae3faab2bcf308faa (token=yes)
[MEV] [BRAIN] 23:01:35 | [SCOUT] Detected auth header: x-token
[MEV] [SYSTEM] Launching Rust Sniper (cargo run)...
[MEV] >>> ALL SYSTEMS ONLINE. WAITING FOR SIGNALS.
[MEV] [SNIPER] warning: unused config key `source.crates-io.protocol` in `/home/titan/.cargo/config.toml`
[MEV] [SNIPER] warning: unused imports: `Keypair`, `Signer`, `pubkey::Pubkey`, `read_keypair_file`, and `transaction::VersionedTransaction`
[MEV] [SNIPER] --> src/main.rs:5:5
[MEV] [SNIPER] |
[MEV] [SNIPER] 5 |     pubkey::Pubkey,
[MEV] [SNIPER] |     ^^^^^^^^^^^^^^
[MEV] [SNIPER] 6 |     signature::{read_keypair_file, Keypair, Signer},
[MEV] [SNIPER] |                 ^^^^^^^^^^^^^^^^^  ^^^^^^^  ^^^^^^
[MEV] [SNIPER] 7 |     transaction::VersionedTransaction,
[MEV] [SNIPER] |     ^^^^^^^^^^^^^^^^^^^^^^^^^^^^^^^^^
[MEV] [SNIPER] |
[MEV] [SNIPER] = note: `#[warn(unused_imports)]` (part of `#[warn(unused)]`) on by default
[MEV] [SNIPER] 
[MEV] [SNIPER] warning: unused import: `str::FromStr`
[MEV] [SNIPER] --> src/main.rs:9:11
[MEV] [SNIPER] |
[MEV] [SNIPER] 9 | use std::{str::FromStr, time::Duration};
[MEV] [SNIPER] |           ^^^^^^^^^^^^
[MEV] [SNIPER] 
[MEV] [SNIPER] warning: unused import: `reqwest::Client`
[MEV] [SNIPER] --> src/main.rs:12:5
[MEV] [SNIPER] |
[MEV] [SNIPER] 12 | use reqwest::Client;
[MEV] [SNIPER] |     ^^^^^^^^^^^^^^^
[MEV] [SNIPER] 
[MEV] [SNIPER] warning: unused variable: `rpc`
[MEV] [SNIPER] --> src/main.rs:25:9
[MEV] [SNIPER] |
[MEV] [SNIPER] 25 | ...et rpc = RpcClient::new_with_commitment(RPC_URL.to_string(), CommitmentConfig...
[MEV] [SNIPER] |       ^^^ help: if this is intentional, prefix it with an underscore: `_rpc`
[MEV] [SNIPER] |
[MEV] [SNIPER] = note: `#[warn(unused_variables)]` (part of `#[warn(unused)]`) on by default
[MEV] [SNIPER] 
[MEV] [SNIPER] warning: constant `KEYPAIR_PATH` is never used
[MEV] [SNIPER] --> src/main.rs:18:7
[MEV] [SNIPER] |
[MEV] [SNIPER] 18 | const KEYPAIR_PATH: &str = "bot_keypair.json";
[MEV] [SNIPER] |       ^^^^^^^^^^^^
[MEV] [SNIPER] |
[MEV] [SNIPER] = note: `#[warn(dead_code)]` (part of `#[warn(unused)]`) on by default
[MEV] [SNIPER] 
[MEV] [SNIPER] warning: `orin_mev_bot` (bin "orin_mev_bot") generated 5 warnings (run `cargo fix --bin "orin_mev_bot" -p orin_mev_bot` to apply 4 suggestions)
[MEV] [SNIPER] Finished `dev` profile [unoptimized + debuginfo] target(s) in 0.54s
[MEV] [SNIPER] warning: unused config key `source.crates-io.protocol` in `/home/titan/.cargo/config.toml`
[MEV] [SNIPER] warning: the following packages contain code that will be rejected by a future version of Rust: solana-client v1.18.26
[MEV] [SNIPER] note: to see what the problems were, use the option `--future-incompat-report`, or run `cargo report future-incompatibilities --id 1`
[MEV] [SNIPER] Running `target/debug/orin_mev_bot`
[MEV] [SNIPER] [2026-01-14T04:01:36Z INFO  orin_mev_bot] 🚀 SNIPER ONLINE. WAITING FOR BRAIN...
[FACTORY] >>> SCHEDULER: Started background dataset scheduler.
[MEV] >>> INITIALIZING TITAN ORIN SYSTEMS...
[MEV] [CONFIG] Updated: {'autopilot': True, 'manual_target': '', 'max_impact': 5, 'min_liquidity': 20000, 'autosell_enabled': True, 'take_profit_pct': 50, 'stop_loss_pct': 15}
[MEV] [MASTER CONTROL] Solana libs unavailable; skipping profit sweeper.
[MEV] [SYSTEM] Launching Neural Module (predictor.py)...
[MEV] [BRAIN] 23:04:16 | [BRAIN] 🧠 ONLINE. FILTERS: Age 0-168h | Trend +-100.0-100.0% | Liq >$0
[MEV] [BRAIN] 23:04:16 | [SCOUT] Seeding initial capture for top 20 pairs (per_pool=50)
[MEV] [BRAIN] 23:04:17 | [SCOUT] Using RPC: https://solana-mainnet.core.chainstack.com/b8dc50df2c1abbbae3faab2bcf308faa (token=yes)
[MEV] [BRAIN] 23:04:17 | [SCOUT] Detected auth header: x-token
[MEV] [SYSTEM] Launching Rust Sniper: target/debug/orin_mev_bot
[MEV] >>> ALL SYSTEMS ONLINE. WAITING FOR SIGNALS.
[MEV] [SNIPER] [2026-01-14T04:04:17Z INFO  orin_mev_bot] 🚀 SNIPER ONLINE. WAITING FOR BRAIN...
[MEV] [BRAIN] 23:04:52 | [SCOUT] Captured 10 on-chain txs for pool 3aPaFZ7ryRBM2HkvFggbcnATqwbmMYr9Mpp2DuYqRixF
[MEV] [BRAIN] 23:04:57 | [SCOUT] Using RPC: https://solana-mainnet.core.chainstack.com/b8dc50df2c1abbbae3faab2bcf308faa (token=yes)
[MEV] [BRAIN] 23:05:49 | [SCOUT] Seed capture dispatched: 2 pools
[MEV] [BRAIN] 23:05:49 | [SCOUT] 🔭 Scanning DexScreener...
[MEV] [BRAIN] 23:05:49 | [SCOUT] No new targets found. Scanning...
[MEV] [BRAIN] 23:05:59 | [SCOUT] 🔭 Scanning DexScreener...
[MEV] [BRAIN] 23:06:00 | [SCOUT] No new targets found. Scanning...
[MEV] [BRAIN] 23:06:10 | [SCOUT] 🔭 Scanning DexScreener...
[MEV] [BRAIN] 23:06:10 | [SCOUT] No new targets found. Scanning...
[MEV] [BRAIN] 23:06:20 | [SCOUT] 🔭 Scanning DexScreener...
[MEV] [BRAIN] 23:06:20 | [SCOUT] No new targets found. Scanning...
[MEV] [BRAIN] 23:06:30 | [SCOUT] 🔭 Scanning DexScreener...
[MEV] [BRAIN] 23:06:30 | [SCOUT] No new targets found. Scanning...
[MEV] [BRAIN] 23:06:40 | [SCOUT] 🔭 Scanning DexScreener...
[MEV] [BRAIN] 23:06:40 | [SCOUT] No new targets found. Scanning...
[MEV] [BRAIN] 23:06:50 | [SCOUT] 🔭 Scanning DexScreener...
[MEV] [BRAIN] 23:06:51 | [SCOUT] No new targets found. Scanning...
[MEV] [BRAIN] 23:07:01 | [SCOUT] 🔭 Scanning DexScreener...
[MEV] [BRAIN] 23:07:01 | [SCOUT] No new targets found. Scanning...
[MEV] [BRAIN] 23:07:11 | [SCOUT] 🔭 Scanning DexScreener...
[MEV] [BRAIN] 23:07:11 | [SCOUT] No new targets found. Scanning...
[MEV] [BRAIN] 23:07:21 | [SCOUT] 🔭 Scanning DexScreener...
[MEV] [BRAIN] 23:07:21 | [SCOUT] No new targets found. Scanning...
[MEV] [BRAIN] 23:07:31 | [SCOUT] 🔭 Scanning DexScreener...
[MEV] [BRAIN] 23:07:31 | [SCOUT] No new targets found. Scanning...
[MEV] [BRAIN] 23:07:41 | [SCOUT] 🔭 Scanning DexScreener...
[MEV] [BRAIN] 23:07:42 | [SCOUT] No new targets found. Scanning...
[MEV] [BRAIN] 23:07:52 | [SCOUT] 🔭 Scanning DexScreener...
[MEV] [BRAIN] 23:07:52 | [SCOUT] No new targets found. Scanning...
[MEV] [BRAIN] 23:08:02 | [SCOUT] 🔭 Scanning DexScreener...
[MEV] [BRAIN] 23:08:02 | [SCOUT] No new targets found. Scanning...
[MEV] [BRAIN] 23:08:12 | [SCOUT] 🔭 Scanning DexScreener...
[MEV] [BRAIN] 23:08:12 | [SCOUT] No new targets found. Scanning...
[MEV] [BRAIN] 23:08:22 | [SCOUT] 🔭 Scanning DexScreener...
[MEV] [BRAIN] 23:08:22 | [SCOUT] No new targets found. Scanning...
[MEV] [BRAIN] 23:08:32 | [SCOUT] 🔭 Scanning DexScreener...
[MEV] [BRAIN] 23:08:33 | [SCOUT] No new targets found. Scanning...
[MEV] [BRAIN] 23:08:43 | [SCOUT] 🔭 Scanning DexScreener...
[MEV] [BRAIN] 23:08:43 | [SCOUT] No new targets found. Scanning...
[MEV] [BRAIN] 23:08:53 | [SCOUT] 🔭 Scanning DexScreener...
[MEV] [BRAIN] 23:08:53 | [SCOUT] No new targets found. Scanning...
[MEV] [BRAIN] 23:09:03 | [SCOUT] 🔭 Scanning DexScreener...
[MEV] [BRAIN] 23:09:03 | [SCOUT] No new targets found. Scanning...
[MEV] [BRAIN] 23:09:13 | [SCOUT] 🔭 Scanning DexScreener...
[MEV] [BRAIN] 23:09:14 | [SCOUT] No new targets found. Scanning...
[MEV] [BRAIN] 23:09:24 | [SCOUT] 🔭 Scanning DexScreener...
[MEV] [BRAIN] 23:09:24 | [SCOUT] No new targets found. Scanning...
[MEV] [BRAIN] 23:09:34 | [SCOUT] 🔭 Scanning DexScreener...
[MEV] [BRAIN] 23:09:34 | [SCOUT] No new targets found. Scanning...
[MEV] [BRAIN] 23:09:44 | [SCOUT] 🔭 Scanning DexScreener...
[MEV] [BRAIN] 23:09:44 | [SCOUT] No new targets found. Scanning...
[MEV] [BRAIN] 23:09:54 | [SCOUT] 🔭 Scanning DexScreener...
[MEV] [BRAIN] 23:09:54 | [SCOUT] No new targets found. Scanning...
[MEV] [BRAIN] 23:10:04 | [SCOUT] 🔭 Scanning DexScreener...
[MEV] [BRAIN] 23:10:04 | [SCOUT] No new targets found. Scanning...
[MEV] [BRAIN] 23:10:14 | [SCOUT] 🔭 Scanning DexScreener...
[MEV] [BRAIN] 23:10:15 | [SCOUT] No new targets found. Scanning...
[MEV] [BRAIN] 23:10:25 | [SCOUT] 🔭 Scanning DexScreener...
[MEV] [BRAIN] 23:10:25 | [SCOUT] No new targets found. Scanning...
[MEV] [BRAIN] 23:10:35 | [SCOUT] 🔭 Scanning DexScreener...
[MEV] [BRAIN] 23:10:35 | [SCOUT] No new targets found. Scanning...
[MEV] [BRAIN] 23:10:45 | [SCOUT] 🔭 Scanning DexScreener...
[MEV] [BRAIN] 23:10:46 | [SCOUT] No new targets found. Scanning...
[MEV] [BRAIN] 23:10:56 | [SCOUT] 🔭 Scanning DexScreener...
[MEV] [BRAIN] 23:10:56 | [SCOUT] No new targets found. Scanning...
[MEV] [BRAIN] 23:11:06 | [SCOUT] 🔭 Scanning DexScreener...
[MEV] [BRAIN] 23:11:06 | [SCOUT] No new targets found. Scanning...
[MEV] [BRAIN] 23:11:16 | [SCOUT] 🔭 Scanning DexScreener...
[MEV] [BRAIN] 23:11:16 | [SCOUT] No new targets found. Scanning...
[MEV] [BRAIN] 23:11:26 | [SCOUT] 🔭 Scanning DexScreener...
[MEV] [BRAIN] 23:11:27 | [SCOUT] No new targets found. Scanning...
[MEV] [BRAIN] 23:11:37 | [SCOUT] 🔭 Scanning DexScreener...
[MEV] [BRAIN] 23:11:37 | [SCOUT] No new targets found. Scanning...
[MEV] [BRAIN] 23:11:47 | [SCOUT] 🔭 Scanning DexScreener...
[MEV] [BRAIN] 23:11:47 | [SCOUT] No new targets found. Scanning...
[MEV] [BRAIN] 23:11:57 | [SCOUT] 🔭 Scanning DexScreener...
[MEV] [BRAIN] 23:11:57 | [SCOUT] No new targets found. Scanning...
[MEV] [BRAIN] 23:12:07 | [SCOUT] 🔭 Scanning DexScreener...
[MEV] [BRAIN] 23:12:08 | [SCOUT] No new targets found. Scanning...
[MEV] [BRAIN] 23:12:18 | [SCOUT] 🔭 Scanning DexScreener...
[MEV] [BRAIN] 23:12:18 | [SCOUT] No new targets found. Scanning...
[MEV] [BRAIN] 23:12:28 | [SCOUT] 🔭 Scanning DexScreener...
[MEV] [BRAIN] 23:12:28 | [SCOUT] No new targets found. Scanning...
[MEV] [BRAIN] 23:12:38 | [SCOUT] 🔭 Scanning DexScreener...
[MEV] [BRAIN] 23:12:38 | [SCOUT] No new targets found. Scanning...
[MEV] [BRAIN] 23:12:48 | [SCOUT] 🔭 Scanning DexScreener...
[MEV] [BRAIN] 23:12:48 | [SCOUT] No new targets found. Scanning...
[MEV] [BRAIN] 23:12:58 | [SCOUT] 🔭 Scanning DexScreener...
[MEV] [BRAIN] 23:12:59 | [SCOUT] No new targets found. Scanning...
[MEV] [BRAIN] 23:13:09 | [SCOUT] 🔭 Scanning DexScreener...
[MEV] [BRAIN] 23:13:09 | [SCOUT] No new targets found. Scanning...
[MEV] [BRAIN] 23:13:19 | [SCOUT] 🔭 Scanning DexScreener...
[MEV] [BRAIN] 23:13:19 | [SCOUT] No new targets found. Scanning...
[MEV] [BRAIN] 23:13:29 | [SCOUT] 🔭 Scanning DexScreener...
[MEV] [BRAIN] 23:13:29 | [SCOUT] No new targets found. Scanning...
[MEV] [BRAIN] 23:13:39 | [SCOUT] 🔭 Scanning DexScreener...
[MEV] [BRAIN] 23:13:39 | [SCOUT] No new targets found. Scanning...
[MEV] [BRAIN] 23:13:49 | [SCOUT] 🔭 Scanning DexScreener...
[MEV] [BRAIN] 23:13:50 | [SCOUT] No new targets found. Scanning...
[MEV] [BRAIN] 23:14:00 | [SCOUT] 🔭 Scanning DexScreener...
[MEV] [BRAIN] 23:14:00 | [SCOUT] No new targets found. Scanning...
[MEV] [BRAIN] 23:14:10 | [SCOUT] 🔭 Scanning DexScreener...
[MEV] [BRAIN] 23:14:10 | [SCOUT] No new targets found. Scanning...
[MEV] [BRAIN] 23:14:20 | [SCOUT] 🔭 Scanning DexScreener...
[MEV] [BRAIN] 23:14:20 | [SCOUT] No new targets found. Scanning...
[MEV] [BRAIN] 23:14:30 | [SCOUT] 🔭 Scanning DexScreener...
[MEV] [BRAIN] 23:14:30 | [SCOUT] No new targets found. Scanning...
[MEV] [BRAIN] 23:14:40 | [SCOUT] 🔭 Scanning DexScreener...
[MEV] [BRAIN] 23:14:41 | [SCOUT] No new targets found. Scanning...
[MEV] [BRAIN] 23:14:51 | [SCOUT] 🔭 Scanning DexScreener...
[MEV] [BRAIN] 23:14:51 | [SCOUT] No new targets found. Scanning...
[MEV] [BRAIN] 23:15:01 | [SCOUT] 🔭 Scanning DexScreener...
[MEV] [BRAIN] 23:15:01 | [SCOUT] No new targets found. Scanning...
[MEV] [BRAIN] 23:15:11 | [SCOUT] 🔭 Scanning DexScreener...
[MEV] [BRAIN] 23:15:11 | [SCOUT] No new targets found. Scanning...
[MEV] [BRAIN] 23:15:21 | [SCOUT] 🔭 Scanning DexScreener...
[MEV] [BRAIN] 23:15:21 | [SCOUT] No new targets found. Scanning...
[MEV] [BRAIN] 23:15:31 | [SCOUT] 🔭 Scanning DexScreener...
[MEV] [BRAIN] 23:15:32 | [SCOUT] No new targets found. Scanning...
[MEV] [BRAIN] 23:15:42 | [SCOUT] 🔭 Scanning DexScreener...
[MEV] [BRAIN] 23:15:42 | [SCOUT] No new targets found. Scanning...
[MEV] [BRAIN] 23:15:52 | [SCOUT] 🔭 Scanning DexScreener...
[MEV] [BRAIN] 23:15:52 | [SCOUT] No new targets found. Scanning...
[MEV] [BRAIN] 23:16:02 | [SCOUT] 🔭 Scanning DexScreener...
[MEV] [BRAIN] 23:16:02 | [SCOUT] No new targets found. Scanning...
[MEV] [BRAIN] 23:16:12 | [SCOUT] 🔭 Scanning DexScreener...
[MEV] [BRAIN] 23:16:13 | [SCOUT] No new targets found. Scanning...
[MEV] [BRAIN] 23:16:23 | [SCOUT] 🔭 Scanning DexScreener...
[MEV] [BRAIN] 23:16:23 | [SCOUT] No new targets found. Scanning...
[MEV] [BRAIN] 23:16:33 | [SCOUT] 🔭 Scanning DexScreener...
[MEV] [BRAIN] 23:16:33 | [SCOUT] No new targets found. Scanning...
[MEV] [BRAIN] 23:16:43 | [SCOUT] 🔭 Scanning DexScreener...
[MEV] [BRAIN] 23:16:43 | [SCOUT] No new targets found. Scanning...
[MEV] [BRAIN] 23:16:53 | [SCOUT] 🔭 Scanning DexScreener...
[MEV] [BRAIN] 23:16:53 | [SCOUT] No new targets found. Scanning...
[MEV] [BRAIN] 23:17:03 | [SCOUT] 🔭 Scanning DexScreener...
[MEV] [BRAIN] 23:17:04 | [SCOUT] No new targets found. Scanning...
[MEV] [BRAIN] 23:17:14 | [SCOUT] 🔭 Scanning DexScreener...
[MEV] [BRAIN] 23:17:14 | [SCOUT] No new targets found. Scanning...
[MEV] [BRAIN] 23:17:24 | [SCOUT] 🔭 Scanning DexScreener...
[MEV] [BRAIN] 23:17:24 | [SCOUT] No new targets found. Scanning...
[MEV] [BRAIN] 23:17:34 | [SCOUT] 🔭 Scanning DexScreener...
[MEV] [BRAIN] 23:17:34 | [SCOUT] No new targets found. Scanning...
[MEV] [BRAIN] 23:17:44 | [SCOUT] 🔭 Scanning DexScreener...
[MEV] [BRAIN] 23:17:44 | [SCOUT] No new targets found. Scanning...
[MEV] [BRAIN] 23:17:54 | [SCOUT] 🔭 Scanning DexScreener...
[MEV] [BRAIN] 23:17:55 | [SCOUT] No new targets found. Scanning...
[MEV] [BRAIN] 23:18:05 | [SCOUT] 🔭 Scanning DexScreener...
[MEV] [BRAIN] 23:18:05 | [SCOUT] No new targets found. Scanning...
[MEV] [BRAIN] 23:18:15 | [SCOUT] 🔭 Scanning DexScreener...
[MEV] [BRAIN] 23:18:15 | [SCOUT] No new targets found. Scanning...
[MEV] [BRAIN] 23:18:25 | [SCOUT] 🔭 Scanning DexScreener...
[MEV] [BRAIN] 23:18:25 | [SCOUT] No new targets found. Scanning...
[MEV] [BRAIN] 23:18:35 | [SCOUT] 🔭 Scanning DexScreener...
[MEV] [BRAIN] 23:18:35 | [SCOUT] No new targets found. Scanning...
[MEV] [BRAIN] 23:18:45 | [SCOUT] 🔭 Scanning DexScreener...
[MEV] [BRAIN] 23:18:46 | [SCOUT] No new targets found. Scanning...
[MEV] [BRAIN] 23:18:56 | [SCOUT] 🔭 Scanning DexScreener...
[MEV] [BRAIN] 23:18:56 | [SCOUT] No new targets found. Scanning...
[MEV] [BRAIN] 23:19:06 | [SCOUT] 🔭 Scanning DexScreener...
[MEV] [BRAIN] 23:19:06 | [SCOUT] No new targets found. Scanning...
[MEV] [BRAIN] 23:19:16 | [SCOUT] 🔭 Scanning DexScreener...
[MEV] [BRAIN] 23:19:16 | [SCOUT] No new targets found. Scanning...
[MEV] [BRAIN] 23:19:26 | [SCOUT] 🔭 Scanning DexScreener...
[MEV] [BRAIN] 23:19:26 | [SCOUT] No new targets found. Scanning...
[MEV] [BRAIN] 23:19:36 | [SCOUT] 🔭 Scanning DexScreener...
[MEV] [BRAIN] 23:19:36 | [SCOUT] No new targets found. Scanning...
[MEV] [BRAIN] 23:19:46 | [SCOUT] 🔭 Scanning DexScreener...
[MEV] [BRAIN] 23:19:49 | [SCOUT] No new targets found. Scanning...
[MEV] [BRAIN] 23:19:59 | [SCOUT] 🔭 Scanning DexScreener...
[MEV] [BRAIN] 23:19:59 | [SCOUT] No new targets found. Scanning...
[MEV] [BRAIN] 23:20:09 | [SCOUT] 🔭 Scanning DexScreener...
[MEV] [BRAIN] 23:20:09 | [SCOUT] No new targets found. Scanning...
[MEV] [BRAIN] 23:20:19 | [SCOUT] 🔭 Scanning DexScreener...
[MEV] [BRAIN] 23:20:19 | [SCOUT] No new targets found. Scanning...
[MEV] [BRAIN] 23:20:29 | [SCOUT] 🔭 Scanning DexScreener...
[MEV] [BRAIN] 23:20:29 | [SCOUT] No new targets found. Scanning...
[MEV] [BRAIN] 23:20:39 | [SCOUT] 🔭 Scanning DexScreener...
[MEV] [BRAIN] 23:20:40 | [SCOUT] No new targets found. Scanning...
[MEV] [BRAIN] 23:20:50 | [SCOUT] 🔭 Scanning DexScreener...
[MEV] [BRAIN] 23:20:50 | [SCOUT] No new targets found. Scanning...
[MEV] [BRAIN] 23:21:00 | [SCOUT] 🔭 Scanning DexScreener...
[MEV] [BRAIN] 23:21:00 | [SCOUT] No new targets found. Scanning...
[MEV] [BRAIN] 23:21:10 | [SCOUT] 🔭 Scanning DexScreener...
[MEV] [BRAIN] 23:21:10 | [SCOUT] No new targets found. Scanning...
[MEV] [BRAIN] 23:21:20 | [SCOUT] 🔭 Scanning DexScreener...
[MEV] [BRAIN] 23:21:20 | [SCOUT] No new targets found. Scanning...
[MEV] [BRAIN] 23:21:30 | [SCOUT] 🔭 Scanning DexScreener...
[MEV] [BRAIN] 23:21:31 | [SCOUT] No new targets found. Scanning...
[MEV] [BRAIN] 23:21:41 | [SCOUT] 🔭 Scanning DexScreener...
[MEV] [BRAIN] 23:21:41 | [SCOUT] No new targets found. Scanning...
[MEV] [BRAIN] 23:21:51 | [SCOUT] 🔭 Scanning DexScreener...
[MEV] [BRAIN] 23:21:51 | [SCOUT] No new targets found. Scanning...
[MEV] [BRAIN] 23:22:01 | [SCOUT] 🔭 Scanning DexScreener...
[MEV] [BRAIN] 23:22:01 | [SCOUT] No new targets found. Scanning...
[MEV] [BRAIN] 23:22:11 | [SCOUT] 🔭 Scanning DexScreener...
[MEV] [BRAIN] 23:22:11 | [SCOUT] No new targets found. Scanning...
[MEV] [BRAIN] 23:22:22 | [SCOUT] 🔭 Scanning DexScreener...
[MEV] [BRAIN] 23:22:22 | [SCOUT] No new targets found. Scanning...
[MEV] [BRAIN] 23:22:32 | [SCOUT] 🔭 Scanning DexScreener...
[MEV] [BRAIN] 23:22:32 | [SCOUT] No new targets found. Scanning...
[MEV] [BRAIN] 23:22:42 | [SCOUT] 🔭 Scanning DexScreener...
[MEV] [BRAIN] 23:22:42 | [SCOUT] No new targets found. Scanning...
[MEV] [BRAIN] 23:22:52 | [SCOUT] 🔭 Scanning DexScreener...
[MEV] [BRAIN] 23:22:52 | [SCOUT] No new targets found. Scanning...
[MEV] [BRAIN] 23:23:02 | [SCOUT] 🔭 Scanning DexScreener...
[MEV] [BRAIN] 23:23:02 | [SCOUT] No new targets found. Scanning...
[MEV] [BRAIN] 23:23:12 | [SCOUT] 🔭 Scanning DexScreener...
[MEV] [BRAIN] 23:23:13 | [SCOUT] No new targets found. Scanning...
[MEV] [BRAIN] 23:23:23 | [SCOUT] 🔭 Scanning DexScreener...
[MEV] [BRAIN] 23:23:23 | [SCOUT] No new targets found. Scanning...
[MEV] [BRAIN] 23:23:33 | [SCOUT] 🔭 Scanning DexScreener...
[MEV] [BRAIN] 23:23:33 | [SCOUT] No new targets found. Scanning...
[MEV] [BRAIN] 23:23:43 | [SCOUT] 🔭 Scanning DexScreener...
[MEV] [BRAIN] 23:23:43 | [SCOUT] No new targets found. Scanning...
[MEV] [BRAIN] 23:23:53 | [SCOUT] 🔭 Scanning DexScreener...
[MEV] [BRAIN] 23:23:54 | [SCOUT] No new targets found. Scanning...
[MEV] [BRAIN] 23:24:04 | [SCOUT] 🔭 Scanning DexScreener...
[MEV] [BRAIN] 23:24:04 | [SCOUT] No new targets found. Scanning...
[MEV] [BRAIN] 23:24:14 | [SCOUT] 🔭 Scanning DexScreener...
[MEV] [BRAIN] 23:24:14 | [SCOUT] No new targets found. Scanning...
[MEV] [BRAIN] 23:24:24 | [SCOUT] 🔭 Scanning DexScreener...
[MEV] [BRAIN] 23:24:24 | [SCOUT] No new targets found. Scanning...
[MEV] [BRAIN] 23:24:34 | [SCOUT] 🔭 Scanning DexScreener...
[MEV] [BRAIN] 23:24:34 | [SCOUT] No new targets found. Scanning...
[MEV] [BRAIN] 23:24:44 | [SCOUT] 🔭 Scanning DexScreener...
[MEV] [BRAIN] 23:24:44 | [SCOUT] No new targets found. Scanning...
[MEV] [BRAIN] 23:24:54 | [SCOUT] 🔭 Scanning DexScreener...
[MEV] [BRAIN] 23:24:55 | [SCOUT] No new targets found. Scanning...
[MEV] [BRAIN] 23:25:05 | [SCOUT] 🔭 Scanning DexScreener...
[MEV] [BRAIN] 23:25:05 | [SCOUT] No new targets found. Scanning...
[MEV] [BRAIN] 23:25:15 | [SCOUT] 🔭 Scanning DexScreener...
[MEV] [BRAIN] 23:25:15 | [SCOUT] No new targets found. Scanning...
[MEV] [BRAIN] 23:25:25 | [SCOUT] 🔭 Scanning DexScreener...
[MEV] [BRAIN] 23:25:25 | [SCOUT] No new targets found. Scanning...
[MEV] [BRAIN] 23:25:35 | [SCOUT] 🔭 Scanning DexScreener...
[MEV] [BRAIN] 23:25:35 | [SCOUT] No new targets found. Scanning...
[MEV] [BRAIN] 23:25:45 | [SCOUT] 🔭 Scanning DexScreener...
[MEV] [BRAIN] 23:25:46 | [SCOUT] No new targets found. Scanning...
[MEV] [BRAIN] 23:25:56 | [SCOUT] 🔭 Scanning DexScreener...
[MEV] [BRAIN] 23:25:56 | [SCOUT] No new targets found. Scanning...
[MEV] [BRAIN] 23:26:06 | [SCOUT] 🔭 Scanning DexScreener...
[MEV] [BRAIN] 23:26:06 | [SCOUT] No new targets found. Scanning...
[MEV] [BRAIN] 23:26:16 | [SCOUT] 🔭 Scanning DexScreener...
[MEV] [BRAIN] 23:26:16 | [SCOUT] No new targets found. Scanning...
[MEV] [BRAIN] 23:26:26 | [SCOUT] 🔭 Scanning DexScreener...
[MEV] [BRAIN] 23:26:26 | [SCOUT] No new targets found. Scanning...
[MEV] [BRAIN] 23:26:36 | [SCOUT] 🔭 Scanning DexScreener...
[MEV] [BRAIN] 23:26:37 | [SCOUT] No new targets found. Scanning...
[MEV] [BRAIN] 23:26:47 | [SCOUT] 🔭 Scanning DexScreener...
[MEV] [BRAIN] 23:26:47 | [SCOUT] No new targets found. Scanning...
[MEV] [BRAIN] 23:26:57 | [SCOUT] 🔭 Scanning DexScreener...
[MEV] [BRAIN] 23:26:57 | [SCOUT] No new targets found. Scanning...
[MEV] [BRAIN] 23:27:07 | [SCOUT] 🔭 Scanning DexScreener...
[MEV] [BRAIN] 23:27:07 | [SCOUT] No new targets found. Scanning...
[MEV] [BRAIN] 23:27:17 | [SCOUT] 🔭 Scanning DexScreener...
[MEV] [BRAIN] 23:27:17 | [SCOUT] No new targets found. Scanning...
[MEV] [BRAIN] 23:27:27 | [SCOUT] 🔭 Scanning DexScreener...
[MEV] [BRAIN] 23:27:28 | [SCOUT] No new targets found. Scanning...
[MEV] [BRAIN] 23:27:38 | [SCOUT] 🔭 Scanning DexScreener...
[MEV] [BRAIN] 23:27:38 | [SCOUT] No new targets found. Scanning...
[MEV] [BRAIN] 23:27:48 | [SCOUT] 🔭 Scanning DexScreener...
[MEV] [BRAIN] 23:27:48 | [SCOUT] No new targets found. Scanning...
[MEV] [BRAIN] 23:27:58 | [SCOUT] 🔭 Scanning DexScreener...
[MEV] [BRAIN] 23:27:58 | [SCOUT] No new targets found. Scanning...
[MEV] [BRAIN] 23:28:08 | [SCOUT] 🔭 Scanning DexScreener...
[MEV] [BRAIN] 23:28:08 | [SCOUT] No new targets found. Scanning...
[MEV] [BRAIN] 23:28:19 | [SCOUT] 🔭 Scanning DexScreener...
[MEV] [BRAIN] 23:28:19 | [SCOUT] No new targets found. Scanning...
[MEV] [BRAIN] 23:28:29 | [SCOUT] 🔭 Scanning DexScreener...
[MEV] [BRAIN] 23:28:29 | [SCOUT] No new targets found. Scanning...
